<?xml version="1.0" encoding="UTF-8"?>
<!-- Generated by org.testng.reporters.JUnitXMLReporter -->
<testsuite ignored="2" hostname="MacBook-Pro-de-Lucas.local" failures="0" tests="1" name="Exceptions Test" time="13.51" errors="0" timestamp="2020-05-07T14:33:12 ART">
  <testcase classname="com.herokuapp.theinternet.ExceptionTests" name="noSuchElementTest" time="8.904"/>
  <testcase classname="com.herokuapp.theinternet.ExceptionTests" name="notVisibleTest" time="0.0">
    <ignored/>
  </testcase> <!-- notVisibleTest -->
  <testcase classname="com.herokuapp.theinternet.ExceptionTests" name="timeOutTest" time="0.0">
    <ignored/>
  </testcase> <!-- timeOutTest -->
</testsuite> <!-- Exceptions Test -->
