<?xml version="1.0" encoding="UTF-8"?>
<!-- Generated by org.testng.reporters.JUnitXMLReporter -->
<testsuite ignored="0" hostname="MacBook-Pro-de-Lucas.local" failures="0" tests="2" name="Default test" time="10.359" errors="0" timestamp="2020-02-14T17:43:17 ART">
  <testcase classname="com.herokuapp.theinternet.NegativeUserNameTest" name="loginPasswordNegativo" time="5.3"/>
  <testcase classname="com.herokuapp.theinternet.NegativeUserNameTest" name="loginUserNegativo" time="5.018"/>
</testsuite> <!-- Default test -->
