<?xml version="1.0" encoding="UTF-8"?>
<!-- Generated by org.testng.reporters.JUnitXMLReporter -->
<testsuite ignored="1" hostname="MacBook-Pro-de-Lucas.local" failures="0" tests="1" name="NegativeUsernameTests" time="9.934" errors="0" timestamp="2020-03-09T17:15:01 ART">
  <testcase classname="com.herokuapp.theinternet.LoginTests" name="negativeLoginTest" time="9.927"/>
  <testcase classname="com.herokuapp.theinternet.LoginTests" name="positiveLoginTest" time="0.0">
    <ignored/>
  </testcase> <!-- positiveLoginTest -->
</testsuite> <!-- NegativeUsernameTests -->
