<?xml version="1.0" encoding="UTF-8"?>
<!-- Generated by org.testng.reporters.JUnitXMLReporter -->
<testsuite ignored="1" hostname="MacBook-Pro-de-Lucas.local" failures="0" tests="1" name="PositiveTests" time="5.371" errors="0" timestamp="2020-03-09T17:14:47 ART">
  <testcase classname="com.herokuapp.theinternet.LoginTests" name="positiveLoginTest" time="5.324"/>
  <testcase classname="com.herokuapp.theinternet.LoginTests" name="negativeLoginTest" time="0.0">
    <ignored/>
  </testcase> <!-- negativeLoginTest -->
</testsuite> <!-- PositiveTests -->
