<?xml version="1.0" encoding="UTF-8"?>
<testng-results ignored="2" total="3" passed="1" failed="0" skipped="0">
  <reporter-output>
  </reporter-output>
  <suite started-at="2020-05-07T14:32:54 ART" name="Exceptions Test Suit" finished-at="2020-05-07T14:33:07 ART" duration-ms="13510">
    <groups>
    </groups>
    <test started-at="2020-05-07T14:32:54 ART" name="Exceptions Test" finished-at="2020-05-07T14:33:07 ART" duration-ms="13510">
      <class name="com.herokuapp.theinternet.ExceptionTests">
        <test-method is-config="true" signature="setUp(java.lang.String)[pri:0, instance:com.herokuapp.theinternet.ExceptionTests@17a7f733]" started-at="2020-05-07T14:32:54 ART" name="setUp" finished-at="2020-05-07T14:32:58 ART" duration-ms="4445" status="PASS">
          <params>
            <param index="0">
              <value>
                <![CDATA[chrome]]>
              </value>
            </param>
          </params>
          <reporter-output>
          </reporter-output>
        </test-method> <!-- setUp -->
        <test-method signature="noSuchElementTest()[pri:3, instance:com.herokuapp.theinternet.ExceptionTests@17a7f733]" started-at="2020-05-07T14:32:58 ART" name="noSuchElementTest" finished-at="2020-05-07T14:33:07 ART" duration-ms="8904" status="PASS">
          <reporter-output>
          </reporter-output>
        </test-method> <!-- noSuchElementTest -->
        <test-method is-config="true" signature="tierDown()[pri:0, instance:com.herokuapp.theinternet.ExceptionTests@17a7f733]" started-at="2020-05-07T14:33:07 ART" name="tierDown" finished-at="2020-05-07T14:33:07 ART" duration-ms="118" status="PASS">
          <reporter-output>
          </reporter-output>
        </test-method> <!-- tierDown -->
      </class> <!-- com.herokuapp.theinternet.ExceptionTests -->
    </test> <!-- Exceptions Test -->
  </suite> <!-- Exceptions Test Suit -->
</testng-results>
